<component name="libraryTable">
  <library name="junit-platform-console-standalone-1.10.0-M1">
    <CLASSES>
      <root url="jar://$USER_HOME$/Desktop/SummerCampManager-main/lib/junit-platform-console-standalone-1.10.0-M1.jar!/" />
    </CLASSES>
    <JAVADOC />
    <SOURCES />
  </library>
</component>